[
  {
    "name": "tests_behavioral_extended/test_deception_advanced.py::test_deception_advanced_scenario[Research pretext]",
    "status": "failed",
    "duration": 2.198676100000739,
    "message": "tests_behavioral_extended\\test_deception_advanced.py:42: in test_deception_advanced_scenario\n    assert score <= scenario[\"expected_score_max\"] + 10, \\\nE   AssertionError: Score should be <= 35, got 70.0\nE   assert 70.0 <= (25 + 10)"
  },
  {
    "name": "tests_behavioral_extended/test_deception_advanced.py::test_deception_advanced_scenario[Wondering pretext]",
    "status": "failed",
    "duration": 1.3816370000131428,
    "message": "tests_behavioral_extended\\test_deception_advanced.py:42: in test_deception_advanced_scenario\n    assert score <= scenario[\"expected_score_max\"] + 10, \\\nE   AssertionError: Score should be <= 35, got 70.0\nE   assert 70.0 <= (25 + 10)"
  }
]